<?xml version="1.0" encoding="UTF-8"?>
<testsuite xmlns:xsi="http://www.w3.org/2001/XMLSchema-instance" xsi:noNamespaceSchemaLocation="https://maven.apache.org/surefire/maven-surefire-plugin/xsd/surefire-test-report.xsd" version="3.0.2" name="com.tour_webservice.TourWebserviceApplicationTests" time="4.597" tests="1" errors="0" skipped="0" failures="0">
  <properties>
[...]
</properties>
  <testcase name="contextLoads" classname="com.tour_webservice.TourWebserviceApplicationTests" time="0.301">
    <system-out><![CDATA[13:58:48.818 [main] INFO org.springframework.test.context.support.AnnotationConfigContextLoaderUtils -- Could not detect default configuration classes for test class [com.tour_webservice.TourWebserviceApplicationTests]: TourWebserviceApplicationTests does not declare any static, non-private, non-final, nested classes annotated with @Configuration.
13:58:48.937 [main] INFO org.springframework.boot.test.context.SpringBootTestContextBootstrapper -- Found @SpringBootConfiguration com.tour_webservice.TourWebserviceApplication for test class com.tour_webservice.TourWebserviceApplicationTests

  .   ____          _            __ _ _
 /\\ / ___'_ __ _ _(_)_ __  __ _ \ \ \ \
( ( )\___ | '_ | '_| | '_ \/ _` | \ \ \ \
 \\/  ___)| |_)| | | | | || (_| |  ) ) ) )
  '  |____| .__|_| |_|_| |_\__, | / / / /
 =========|_|==============|___/=/_/_/_/

 :: Spring Boot ::                (v3.5.6)

2025-10-05T13:58:49.404+05:30  INFO 3032 --- [tour-webservice] [           main] c.t.TourWebserviceApplicationTests       : Starting TourWebserviceApplicationTests using Java 24.0.1 with PID 3032 (started by Sarang PC in C:\Users\saura\Documents\workspace-spring-tools-for-eclipse-4.32.0.RELEASE\tour-webservice)
2025-10-05T13:58:49.406+05:30  INFO 3032 --- [tour-webservice] [           main] c.t.TourWebserviceApplicationTests       : No active profile set, falling back to 1 default profile: "default"
2025-10-05T13:58:49.937+05:30  INFO 3032 --- [tour-webservice] [           main] .s.d.r.c.RepositoryConfigurationDelegate : Bootstrapping Spring Data JPA repositories in DEFAULT mode.
2025-10-05T13:58:49.992+05:30  INFO 3032 --- [tour-webservice] [           main] .s.d.r.c.RepositoryConfigurationDelegate : Finished Spring Data repository scanning in 43 ms. Found 1 JPA repository interface.
2025-10-05T13:58:50.612+05:30  INFO 3032 --- [tour-webservice] [           main] o.hibernate.jpa.internal.util.LogHelper  : HHH000204: Processing PersistenceUnitInfo [name: default]
2025-10-05T13:58:50.664+05:30  INFO 3032 --- [tour-webservice] [           main] org.hibernate.Version                    : HHH000412: Hibernate ORM core version 6.6.29.Final
2025-10-05T13:58:50.699+05:30  INFO 3032 --- [tour-webservice] [           main] o.h.c.internal.RegionFactoryInitiator    : HHH000026: Second-level cache disabled
2025-10-05T13:58:51.027+05:30  INFO 3032 --- [tour-webservice] [           main] o.s.o.j.p.SpringPersistenceUnitInfo      : No LoadTimeWeaver setup: ignoring JPA class transformer
2025-10-05T13:58:51.051+05:30  INFO 3032 --- [tour-webservice] [           main] com.zaxxer.hikari.HikariDataSource       : HikariPool-1 - Starting...
2025-10-05T13:58:51.336+05:30  INFO 3032 --- [tour-webservice] [           main] com.zaxxer.hikari.pool.HikariPool        : HikariPool-1 - Added connection com.mysql.cj.jdbc.ConnectionImpl@20c3b34b
2025-10-05T13:58:51.338+05:30  INFO 3032 --- [tour-webservice] [           main] com.zaxxer.hikari.HikariDataSource       : HikariPool-1 - Start completed.
2025-10-05T13:58:51.376+05:30  WARN 3032 --- [tour-webservice] [           main] org.hibernate.orm.deprecation            : HHH90000025: MySQL8Dialect does not need to be specified explicitly using 'hibernate.dialect' (remove the property setting and it will be selected by default)
2025-10-05T13:58:51.378+05:30  WARN 3032 --- [tour-webservice] [           main] org.hibernate.orm.deprecation            : HHH90000026: MySQL8Dialect has been deprecated; use org.hibernate.dialect.MySQLDialect instead
2025-10-05T13:58:51.396+05:30  INFO 3032 --- [tour-webservice] [           main] org.hibernate.orm.connections.pooling    : HHH10001005: Database info:
	Database JDBC URL [Connecting through datasource 'HikariDataSource (HikariPool-1)']
	Database driver: undefined/unknown
	Database version: 8.0
	Autocommit mode: undefined/unknown
	Isolation level: undefined/unknown
	Minimum pool size: undefined/unknown
	Maximum pool size: undefined/unknown
2025-10-05T13:58:52.095+05:30  INFO 3032 --- [tour-webservice] [           main] o.h.e.t.j.p.i.JtaPlatformInitiator       : HHH000489: No JTA platform available (set 'hibernate.transaction.jta.platform' to enable JTA platform integration)
2025-10-05T13:58:52.140+05:30  INFO 3032 --- [tour-webservice] [           main] j.LocalContainerEntityManagerFactoryBean : Initialized JPA EntityManagerFactory for persistence unit 'default'
2025-10-05T13:58:52.581+05:30  WARN 3032 --- [tour-webservice] [           main] JpaBaseConfiguration$JpaWebConfiguration : spring.jpa.open-in-view is enabled by default. Therefore, database queries may be performed during view rendering. Explicitly configure spring.jpa.open-in-view to disable this warning
2025-10-05T13:58:52.964+05:30  INFO 3032 --- [tour-webservice] [           main] c.t.TourWebserviceApplicationTests       : Started TourWebserviceApplicationTests in 3.886 seconds (process running for 4.877)
]]></system-out>
    <system-err><![CDATA[Mockito is currently self-attaching to enable the inline-mock-maker. This will no longer work in future releases of the JDK. Please add Mockito as an agent to your build as described in Mockito's documentation: https://javadoc.io/doc/org.mockito/mockito-core/latest/org.mockito/org/mockito/Mockito.html#0.3
WARNING: A Java agent has been loaded dynamically (C:\Users\saura\.m2\repository\net\bytebuddy\byte-buddy-agent\1.17.7\byte-buddy-agent-1.17.7.jar)
WARNING: If a serviceability tool is in use, please run with -XX:+EnableDynamicAgentLoading to hide this warning
WARNING: If a serviceability tool is not in use, please run with -Djdk.instrument.traceUsage for more information
WARNING: Dynamic loading of agents will be disallowed by default in a future release
]]></system-err>
  </testcase>
</testsuite>